make all -f /Users/thomasgiles/esp-VS/tensorflow-micropython-examples-5/boards/stm32/NUCLEO_H743ZI2_MICROLITE/Makefile --print-data-base --no-builtin-variables --no-builtin-rules --question
# GNU Make 3.81
# Copyright (C) 2006  Free Software Foundation, Inc.
# This is free software; see the source for copying conditions.
# There is NO warranty; not even for MERCHANTABILITY or FITNESS FOR A
# PARTICULAR PURPOSE.

# This program built for i386-apple-darwin11.3.0

# Make data base, printed on Wed Jul 20 15:38:54 2022

# Variables

# automatic
<D = $(patsubst %/,%,$(dir $<))
# automatic
?F = $(notdir $?)
# environment
VSCODE_LOG_NATIVE = false
# makefile (from `/Users/thomasgiles/esp-VS/tensorflow-micropython-examples-5/boards/stm32/NUCLEO_H743ZI2_MICROLITE/Makefile', line 10)
MICROPY_TOP = $(abspath ../../../micropython)
# automatic
?D = $(patsubst %/,%,$(dir $?))
# environment
PLATFORMIO_IDE = 2.4.3
# automatic
@D = $(patsubst %/,%,$(dir $@))
# automatic
@F = $(notdir $@)
# makefile
CURDIR := /Users/thomasgiles/esp-VS/tensorflow-micropython-examples-5
# makefile
SHELL = /bin/sh
# environment
VSCODE_NLS_CONFIG = {"locale":"en-gb","availableLanguages":{},"_languagePackSupport":true}
# environment
_ = /usr/bin/make
# makefile (from `/Users/thomasgiles/esp-VS/tensorflow-micropython-examples-5/boards/stm32/NUCLEO_H743ZI2_MICROLITE/Makefile', line 1)
MAKEFILE_LIST :=  /Users/thomasgiles/esp-VS/tensorflow-micropython-examples-5/boards/stm32/NUCLEO_H743ZI2_MICROLITE/Makefile
# environment
VSCODE_VERBOSE_LOGGING = true
# environment
__CFBundleIdentifier = com.microsoft.VSCode
# environment
VSCODE_IPC_HOOK_EXTHOST = /var/folders/bm/y_vzn83s1hx94xq4ryzy89g40000gn/T/vscode-ipc-4d079175-04ec-4d3a-964b-f327995e4da4.sock
# environment
VSCODE_CWD = /
# environment
NO_PROXY = 127.0.0.1
# environment
VSCODE_LOG_STACK = false
# environment
ELECTRON_RUN_AS_NODE = 1
# default
.FEATURES := target-specific order-only second-expansion else-if archives jobserver check-symlink
# environment
SSH_AUTH_SOCK = /private/tmp/com.apple.launchd.c9Xf9qPjWE/Listeners
# automatic
%F = $(notdir $%)
# environment
CONDA_EXE = /opt/anaconda3/bin/conda
# environment
VSCODE_PIPE_LOGGING = true
# environment
PWD = /Users/thomasgiles/esp-VS/tensorflow-micropython-examples-5
# environment
ORIGINAL_XDG_CURRENT_DESKTOP = undefined
# environment
VSCODE_AMD_ENTRYPOINT = vs/workbench/api/node/extensionHostProcess
# environment
HOME = /Users/thomasgiles
# default
MAKEFILEPATH := /Applications/Xcode.app/Contents/Developer/Makefiles
# environment
VSCODE_CODE_CACHE_PATH = /Users/thomasgiles/Library/Application Support/Code/CachedData/4af164ea3a06f701fe3e89a2bcbb421d2026b68f
# environment
LOGNAME = thomasgiles
# environment
APPLICATION_INSIGHTS_NO_DIAGNOSTIC_CHANNEL = 1
# environment
CONDA_PROMPT_MODIFIER = (base) 
# environment
VSCODE_HANDLES_UNCAUGHT_ERRORS = true
# automatic
^D = $(patsubst %/,%,$(dir $^))
# makefile (from `/Users/thomasgiles/esp-VS/tensorflow-micropython-examples-5/boards/stm32/NUCLEO_H743ZI2_MICROLITE/Makefile', line 20)
BOARD_DIR = $(abspath .)
# environment
CONDA_DEFAULT_ENV = base
# environment
PLATFORMIO_PATH = /Users/thomasgiles/.platformio/python3/bin:/opt/anaconda3/bin:/opt/anaconda3/condabin:/usr/local/bin:/usr/bin:/bin:/usr/sbin:/sbin:/Library/TeX/texbin:/Library/Apple/usr/bin
# default
MAKE = $(MAKE_COMMAND)
# default
MAKECMDGOALS := all
# environment
PATH = /opt/anaconda3/bin:/opt/anaconda3/condabin:/usr/local/bin:/usr/bin:/bin:/usr/sbin:/sbin:/Library/TeX/texbin:/Library/Apple/usr/bin
# environment
SHLVL = 1
# environment
XPC_FLAGS = 0x0
# default
MAKE_VERSION := 3.81
# environment
USER = thomasgiles
# makefile
.DEFAULT_GOAL := all
# automatic
%D = $(patsubst %/,%,$(dir $%))
# environment
CONDA_SHLVL = 1
# default
MAKE_COMMAND := /Applications/Xcode.app/Contents/Developer/usr/bin/make
# default
.VARIABLES := 
# environment
TMPDIR = /var/folders/bm/y_vzn83s1hx94xq4ryzy89g40000gn/T/
# automatic
*F = $(notdir $*)
# environment
VSCODE_IPC_HOOK = /Users/thomasgiles/Library/Application Support/Code/1.68.0-main.sock
# makefile
MAKEFLAGS = Rrp
# environment
MFLAGS = -Rrp
# automatic
*D = $(patsubst %/,%,$(dir $*))
# environment
XPC_SERVICE_NAME = application.com.microsoft.VSCode.25769546.25769552
# automatic
+D = $(patsubst %/,%,$(dir $+))
# automatic
+F = $(notdir $+)
# makefile (from `/Users/thomasgiles/esp-VS/tensorflow-micropython-examples-5/boards/stm32/NUCLEO_H743ZI2_MICROLITE/Makefile', line 7)
BOARD = NUCLEO_H743ZI2_MICROLITE
# environment
__CF_USER_TEXT_ENCODING = 0x1F5:0:2
# environment
COMMAND_MODE = unix2003
# default
MAKEFILES := 
# makefile (from `/Users/thomasgiles/esp-VS/tensorflow-micropython-examples-5/boards/stm32/NUCLEO_H743ZI2_MICROLITE/Makefile', line 21)
BUILD = $(BOARD_DIR)/build
# automatic
<F = $(notdir $<)
# environment
PLATFORMIO_CALLER = vscode
# environment
LC_ALL = C
# environment
CONDA_PYTHON_EXE = /opt/anaconda3/bin/python
# automatic
^F = $(notdir $^)
# default
SUFFIXES := 
# environment
_CE_M = 
# default
.INCLUDE_DIRS = /usr/local/include
# environment
MAKELEVEL := 0
# environment
CONDA_PREFIX = /opt/anaconda3
# environment
VSCODE_PID = 24831
# environment
_CE_CONDA = 
# environment
LANG = C
# variable set hash-table stats:
# Load=78/1024=8%, Rehash=0, Collisions=6/105=6%

# Pattern-specific Variable Values

# No pattern-specific variable values.

# Directories


# No files, no impossibilities in 0 directories.

# Implicit Rules

# No implicit rules.

# Files

# Not a target:
/Users/micropython/py/mkrules.mk:
#  Implicit rule search has been done.
#  File does not exist.
#  File has not been updated.
# variable set hash-table stats:
# Load=0/32=0%, Rehash=0, Collisions=0/0=0%

# Not a target:
/Users/micropython/py/mkenv.mk:
#  Implicit rule search has not been done.
#  File does not exist.
#  File has not been updated.

all: firmware
#  Command-line target.
#  Implicit rule search has not been done.
#  Modification time never checked.
#  File has not been updated.

# Not a target:
/Users/thomasgiles/esp-VS/tensorflow-micropython-examples-5/boards/stm32/NUCLEO_H743ZI2_MICROLITE/Makefile:
#  Implicit rule search has not been done.
#  Last modified 2022-07-20 15:38:46
#  File has not been updated.

# Not a target:
.SUFFIXES:
#  Implicit rule search has not been done.
#  Modification time never checked.
#  File has not been updated.

firmware:
#  Implicit rule search has not been done.
#  Modification time never checked.
#  File has not been updated.
#  commands to execute (from `/Users/thomasgiles/esp-VS/tensorflow-micropython-examples-5/boards/stm32/NUCLEO_H743ZI2_MICROLITE/Makefile', line 27):
	$(Q)$(MAKE) -C $(MICROPY_TOP)/ports/stm32 \
	PROJECT_TOP=$(abspath ../..) \
	BOARD=$(BOARD) \
	BOARD_DIR=$(BOARD_DIR) \
	BUILD=$(BUILD)
	

# Not a target:
.DEFAULT:
#  Implicit rule search has not been done.
#  Modification time never checked.
#  File has not been updated.

deploy:
#  Implicit rule search has not been done.
#  Modification time never checked.
#  File has not been updated.
#  commands to execute (from `/Users/thomasgiles/esp-VS/tensorflow-micropython-examples-5/boards/stm32/NUCLEO_H743ZI2_MICROLITE/Makefile', line 35):
	$(PYTHON) $(MICROPY_TOP)/tools/pydfu.py -u $(BUILD)/firmware.dfu
	

# files hash-table stats:
# Load=8/1024=1%, Rehash=0, Collisions=0/24=0%
# VPATH Search Paths

# No `vpath' search paths.

# No general (`VPATH' variable) search path.

# # of strings in strcache: 3
# # of strcache buffers: 1
# strcache size: total = 4096 / max = 4096 / min = 4096 / avg = 4096
# strcache free: total = 3925 / max = 3925 / min = 3925 / avg = 3925

# Finished Make data base on Wed Jul 20 15:38:54 2022

 
/Users/thomasgiles/esp-VS/tensorflow-micropython-examples-5/boards/stm32/NUCLEO_H743ZI2_MICROLITE/Makefile:23: /Users/micropython/py/mkenv.mk: No such file or directory
/Users/thomasgiles/esp-VS/tensorflow-micropython-examples-5/boards/stm32/NUCLEO_H743ZI2_MICROLITE/Makefile:24: /Users/micropython/py/mkrules.mk: No such file or directory
make: *** No rule to make target `/Users/micropython/py/mkrules.mk'.  Stop.

